<?xml version="1.0" encoding="UTF-8" ?>
<testsuites>
 <testsuite name="place move command" timestamp="2017-12-12T19:30:05" hostname="localhost" time="0.01" errors="0" tests="10" skipped="0" disabled="0" failures="0">
  <testcase classname="place move command" name="should emit MovePlaced on first game move" time="0.002" />
  <testcase classname="place move command" name="should emit IllegalMove when square is already occupied." time="0.001" />
  <testcase classname="place move command" name="should emit IllegalMove when center move is illegal." time="0.001" />
  <testcase classname="place move command" name="Should emit game won on top line fill" time="0.002" />
  <testcase classname="place move command" name="Should emit game won on diagonal line fill" time="0" />
  <testcase classname="place move command" name="Should emit game won on vertical line fill" time="0.001" />
  <testcase classname="place move command" name="Should not emit game draw if won on last move." time="0.001" />
  <testcase classname="place move command" name="Should emit game draw when neither wins" time="0.001" />
  <testcase classname="place move command" name="Should emit NotYourMove if attempting to make move out of turn" time="0" />
  <testcase classname="place move command" name="Should emit game not started if both sides not joined" time="0.001" />
 </testsuite>
</testsuites>