<?xml version="1.0" encoding="UTF-8" ?>
<testsuites>
 <testsuite name="chat handler" timestamp="2017-12-12T19:30:05" hostname="localhost" time="0.009" errors="0" tests="3" skipped="0" disabled="0" failures="0">
  <testcase classname="chat handler" name="should construct without error" time="0.006" />
  <testcase classname="chat handler" name="should subscribe to chatCommand when started to handle commands" time="0.001" />
  <testcase classname="chat handler" name="should issue messageReceived event on sendMessage command, with unique id" time="0.001" />
 </testsuite>
</testsuites>