<?xml version="1.0" encoding="UTF-8" ?>
<testsuites>
 <testsuite name="Tictactoe game server context" timestamp="2017-12-12T19:30:05" hostname="localhost" time="0.005" errors="0" tests="3" skipped="0" disabled="0" failures="0">
  <testcase classname="Tictactoe game server context" name="should wire without an issue" time="0" />
  <testcase classname="Tictactoe game server context" name="should expose command handler" time="0.001" />
  <testcase classname="Tictactoe game server context" name="should handle create game command and emit game created event" time="0.003" />
 </testsuite>
</testsuites>