<?xml version="1.0" encoding="UTF-8" ?>
<testsuites>
 <testsuite name="Tictactoe load test" timestamp="2017-12-15T12:12:52" hostname="localhost" time="4.076" errors="0" tests="1" skipped="0" disabled="0" failures="0">
  <testcase classname="Tictactoe load test" name="should be able to play 30 games to end within timelimit of 5000ms" time="4.075" />
 </testsuite>
</testsuites>