<?xml version="1.0" encoding="UTF-8" ?>
<testsuites>
 <testsuite name="Game command handler" timestamp="2017-12-12T19:30:05" hostname="localhost" time="0.009" errors="0" tests="7" skipped="0" disabled="0" failures="0">
  <testcase classname="Game command handler" name="should not handle command without gameId attribute" time="0.002" />
  <testcase classname="Game command handler" name="should load events for game Id" time="0.002" />
  <testcase classname="Game command handler" name="should execute command on tictactoe aggregate" time="0.003" />
  <testcase classname="Game command handler" name="should use cached version the second time." time="0.001" />
  <testcase classname="Game command handler" name="should hold game aggregates in cache" time="0" />
  <testcase classname="Game command handler" name="should not call another load from eventStore if receiving another command for same game before first loads" time="0.001" />
  <testcase classname="Game command handler" name="should route resulting events to event router with all relevant information" time="0" />
 </testsuite>
</testsuites>