<?xml version="1.0" encoding="UTF-8" ?>
<testsuites>
 <testsuite name="User chat load test" timestamp="2017-12-13T22:47:09" hostname="localhost" time="7.983" errors="0" tests="1" skipped="0" disabled="0" failures="0">
  <testcase classname="User chat load test" name="should connect and send 200  user messages within 10000ms" time="7.944" />
 </testsuite>
</testsuites>