<?xml version="1.0" encoding="UTF-8" ?>
<testsuites>
 <testsuite name="User chat load test" timestamp="2017-12-15T12:12:48" hostname="localhost" time="4.041" errors="0" tests="1" skipped="0" disabled="0" failures="0">
  <testcase classname="User chat load test" name="should connect and send 100  user messages within 5000ms" time="3.979" />
 </testsuite>
</testsuites>