<?xml version="1.0" encoding="UTF-8" ?>
<testsuites>
 <testsuite name="leave game command" timestamp="2017-12-12T19:30:05" hostname="localhost" time="0.001" errors="0" tests="1" skipped="0" disabled="0" failures="0">
  <testcase classname="leave game command" name="should emit game left event" time="0.001" />
 </testsuite>
</testsuites>