<?xml version="1.0" encoding="UTF-8" ?>
<testsuites>
 <testsuite name="Tictactoe load test" timestamp="2017-12-13T22:47:17" hostname="localhost" time="16.767" errors="0" tests="1" skipped="0" disabled="0" failures="0">
  <testcase classname="Tictactoe load test" name="should be able to play 60 games to end within timelimit of 10000ms" time="16.767" />
 </testsuite>
</testsuites>