<?xml version="1.0" encoding="UTF-8" ?>
<testsuites>
 <testsuite name="User chat API" timestamp="2017-12-15T12:01:50" hostname="localhost" time="1.405" errors="0" tests="2" skipped="0" disabled="0" failures="0">
  <testcase classname="User chat API" name="should get user session information on connect" time="1.338" />
  <testcase classname="User chat API" name="should receive chat message back after sending chat command" time="0.065" />
 </testsuite>
</testsuites>